<?xml version="1.0" encoding="UTF-8"?>
<testsuite name="org.example.MyLibraryTest" tests="1" skipped="0" failures="0" errors="0" timestamp="2017-12-27T19:07:22" hostname="Daniels-MacBook-Pro-2.local" time="0.005">
  <properties/>
  <testcase name="testMyLanguage" classname="org.example.MyLibraryTest" time="0.005"/>
  <system-out><![CDATA[]]></system-out>
  <system-err><![CDATA[]]></system-err>
</testsuite>
